2017-07-20 17:44:45.796  INFO 7024 --- [main] com.adminaccess.AdminApplication         : Starting AdminApplication on WGTJZ9MF7EZ759H with PID 7024 (E:\meizi\Admin\target\classes started by Administrator in E:\meizi\Admin)
2017-07-20 17:44:45.799  INFO 7024 --- [main] com.adminaccess.AdminApplication         : No active profile set, falling back to default profiles: default
2017-07-20 17:44:46.040  INFO 7024 --- [main] ationConfigEmbeddedWebApplicationContext : Refreshing org.springframework.boot.context.embedded.AnnotationConfigEmbeddedWebApplicationContext@76329302: startup date [Thu Jul 20 17:44:46 CST 2017]; root of context hierarchy
2017-07-20 17:44:47.190  INFO 7024 --- [main] s.b.c.e.t.TomcatEmbeddedServletContainer : Tomcat initialized with port(s): 8080 (http)
2017-07-20 17:44:47.202  INFO 7024 --- [main] o.apache.catalina.core.StandardService   : Starting service [Tomcat]
2017-07-20 17:44:47.203  INFO 7024 --- [main] org.apache.catalina.core.StandardEngine  : Starting Servlet Engine: Apache Tomcat/8.5.15
2017-07-20 17:44:47.291  INFO 7024 --- [localhost-startStop-1] o.a.c.c.C.[Tomcat].[localhost].[/]       : Initializing Spring embedded WebApplicationContext
2017-07-20 17:44:47.291  INFO 7024 --- [localhost-startStop-1] o.s.web.context.ContextLoader            : Root WebApplicationContext: initialization completed in 1259 ms
2017-07-20 17:44:47.434  INFO 7024 --- [localhost-startStop-1] o.s.b.w.servlet.ServletRegistrationBean  : Mapping servlet: 'dispatcherServlet' to [/]
2017-07-20 17:44:47.440  INFO 7024 --- [localhost-startStop-1] o.s.b.w.servlet.FilterRegistrationBean   : Mapping filter: 'characterEncodingFilter' to: [/*]
2017-07-20 17:44:47.441  INFO 7024 --- [localhost-startStop-1] o.s.b.w.servlet.FilterRegistrationBean   : Mapping filter: 'hiddenHttpMethodFilter' to: [/*]
2017-07-20 17:44:47.441  INFO 7024 --- [localhost-startStop-1] o.s.b.w.servlet.FilterRegistrationBean   : Mapping filter: 'httpPutFormContentFilter' to: [/*]
2017-07-20 17:44:47.441  INFO 7024 --- [localhost-startStop-1] o.s.b.w.servlet.FilterRegistrationBean   : Mapping filter: 'requestContextFilter' to: [/*]
2017-07-20 17:44:47.730  INFO 7024 --- [main] s.w.s.m.m.a.RequestMappingHandlerAdapter : Looking for @ControllerAdvice: org.springframework.boot.context.embedded.AnnotationConfigEmbeddedWebApplicationContext@76329302: startup date [Thu Jul 20 17:44:46 CST 2017]; root of context hierarchy
2017-07-20 17:44:47.784  INFO 7024 --- [main] s.w.s.m.m.a.RequestMappingHandlerMapping : Mapped "{[/login]}" onto public java.util.Map<java.lang.String, java.lang.Object> com.adminaccess.AdminApplication.meizilogin(org.apache.catalina.servlet4preview.http.HttpServletRequest)
2017-07-20 17:44:47.787  INFO 7024 --- [main] s.w.s.m.m.a.RequestMappingHandlerMapping : Mapped "{[/error]}" onto public org.springframework.http.ResponseEntity<java.util.Map<java.lang.String, java.lang.Object>> org.springframework.boot.autoconfigure.web.BasicErrorController.error(javax.servlet.http.HttpServletRequest)
2017-07-20 17:44:47.788  INFO 7024 --- [main] s.w.s.m.m.a.RequestMappingHandlerMapping : Mapped "{[/error],produces=[text/html]}" onto public org.springframework.web.servlet.ModelAndView org.springframework.boot.autoconfigure.web.BasicErrorController.errorHtml(javax.servlet.http.HttpServletRequest,javax.servlet.http.HttpServletResponse)
2017-07-20 17:44:47.818  INFO 7024 --- [main] o.s.w.s.handler.SimpleUrlHandlerMapping  : Mapped URL path [/webjars/**] onto handler of type [class org.springframework.web.servlet.resource.ResourceHttpRequestHandler]
2017-07-20 17:44:47.818  INFO 7024 --- [main] o.s.w.s.handler.SimpleUrlHandlerMapping  : Mapped URL path [/**] onto handler of type [class org.springframework.web.servlet.resource.ResourceHttpRequestHandler]
2017-07-20 17:44:47.854  INFO 7024 --- [main] o.s.w.s.handler.SimpleUrlHandlerMapping  : Mapped URL path [/**/favicon.ico] onto handler of type [class org.springframework.web.servlet.resource.ResourceHttpRequestHandler]
2017-07-20 17:44:47.877  INFO 7024 --- [main] oConfiguration$WelcomePageHandlerMapping : Adding welcome page: class path resource [static/index.html]
2017-07-20 17:44:47.968  INFO 7024 --- [main] o.s.j.e.a.AnnotationMBeanExporter        : Registering beans for JMX exposure on startup
2017-07-20 17:44:48.023  INFO 7024 --- [main] s.b.c.e.t.TomcatEmbeddedServletContainer : Tomcat started on port(s): 8080 (http)
2017-07-20 17:44:48.026  INFO 7024 --- [main] com.adminaccess.AdminApplication         : Started AdminApplication in 2.709 seconds (JVM running for 3.053)
2017-07-20 17:44:50.177  INFO 7024 --- [http-nio-8080-exec-1] o.a.c.c.C.[Tomcat].[localhost].[/]       : Initializing Spring FrameworkServlet 'dispatcherServlet'
2017-07-20 17:44:50.178  INFO 7024 --- [http-nio-8080-exec-1] o.s.web.servlet.DispatcherServlet        : FrameworkServlet 'dispatcherServlet': initialization started
2017-07-20 17:44:50.191  INFO 7024 --- [http-nio-8080-exec-1] o.s.web.servlet.DispatcherServlet        : FrameworkServlet 'dispatcherServlet': initialization completed in 13 ms
2017-07-20 17:56:40.672  INFO 7468 --- [main] com.adminaccess.AdminApplication         : Starting AdminApplication on WGTJZ9MF7EZ759H with PID 7468 (E:\meizi\Admin\target\classes started by Administrator in E:\meizi\Admin)
2017-07-20 17:56:40.675  INFO 7468 --- [main] com.adminaccess.AdminApplication         : No active profile set, falling back to default profiles: default
2017-07-20 17:56:40.730  INFO 7468 --- [main] ationConfigEmbeddedWebApplicationContext : Refreshing org.springframework.boot.context.embedded.AnnotationConfigEmbeddedWebApplicationContext@76329302: startup date [Thu Jul 20 17:56:40 CST 2017]; root of context hierarchy
2017-07-20 17:56:42.085  INFO 7468 --- [main] s.b.c.e.t.TomcatEmbeddedServletContainer : Tomcat initialized with port(s): 8080 (http)
2017-07-20 17:56:42.098  INFO 7468 --- [main] o.apache.catalina.core.StandardService   : Starting service [Tomcat]
2017-07-20 17:56:42.099  INFO 7468 --- [main] org.apache.catalina.core.StandardEngine  : Starting Servlet Engine: Apache Tomcat/8.5.15
2017-07-20 17:56:42.188  INFO 7468 --- [localhost-startStop-1] o.a.c.c.C.[Tomcat].[localhost].[/]       : Initializing Spring embedded WebApplicationContext
2017-07-20 17:56:42.188  INFO 7468 --- [localhost-startStop-1] o.s.web.context.ContextLoader            : Root WebApplicationContext: initialization completed in 1461 ms
2017-07-20 17:56:42.319  INFO 7468 --- [localhost-startStop-1] o.s.b.w.servlet.ServletRegistrationBean  : Mapping servlet: 'dispatcherServlet' to [/]
2017-07-20 17:56:42.322  INFO 7468 --- [localhost-startStop-1] o.s.b.w.servlet.FilterRegistrationBean   : Mapping filter: 'characterEncodingFilter' to: [/*]
2017-07-20 17:56:42.323  INFO 7468 --- [localhost-startStop-1] o.s.b.w.servlet.FilterRegistrationBean   : Mapping filter: 'hiddenHttpMethodFilter' to: [/*]
2017-07-20 17:56:42.323  INFO 7468 --- [localhost-startStop-1] o.s.b.w.servlet.FilterRegistrationBean   : Mapping filter: 'httpPutFormContentFilter' to: [/*]
2017-07-20 17:56:42.323  INFO 7468 --- [localhost-startStop-1] o.s.b.w.servlet.FilterRegistrationBean   : Mapping filter: 'requestContextFilter' to: [/*]
2017-07-20 17:56:42.559  INFO 7468 --- [main] s.w.s.m.m.a.RequestMappingHandlerAdapter : Looking for @ControllerAdvice: org.springframework.boot.context.embedded.AnnotationConfigEmbeddedWebApplicationContext@76329302: startup date [Thu Jul 20 17:56:40 CST 2017]; root of context hierarchy
2017-07-20 17:56:42.612  INFO 7468 --- [main] s.w.s.m.m.a.RequestMappingHandlerMapping : Mapped "{[/login]}" onto public java.util.Map<java.lang.String, java.lang.Object> com.adminaccess.AdminApplication.meizilogin(org.apache.catalina.servlet4preview.http.HttpServletRequest)
2017-07-20 17:56:42.615  INFO 7468 --- [main] s.w.s.m.m.a.RequestMappingHandlerMapping : Mapped "{[/error]}" onto public org.springframework.http.ResponseEntity<java.util.Map<java.lang.String, java.lang.Object>> org.springframework.boot.autoconfigure.web.BasicErrorController.error(javax.servlet.http.HttpServletRequest)
2017-07-20 17:56:42.615  INFO 7468 --- [main] s.w.s.m.m.a.RequestMappingHandlerMapping : Mapped "{[/error],produces=[text/html]}" onto public org.springframework.web.servlet.ModelAndView org.springframework.boot.autoconfigure.web.BasicErrorController.errorHtml(javax.servlet.http.HttpServletRequest,javax.servlet.http.HttpServletResponse)
2017-07-20 17:56:42.637  INFO 7468 --- [main] o.s.w.s.handler.SimpleUrlHandlerMapping  : Mapped URL path [/webjars/**] onto handler of type [class org.springframework.web.servlet.resource.ResourceHttpRequestHandler]
2017-07-20 17:56:42.637  INFO 7468 --- [main] o.s.w.s.handler.SimpleUrlHandlerMapping  : Mapped URL path [/**] onto handler of type [class org.springframework.web.servlet.resource.ResourceHttpRequestHandler]
2017-07-20 17:56:42.664  INFO 7468 --- [main] o.s.w.s.handler.SimpleUrlHandlerMapping  : Mapped URL path [/**/favicon.ico] onto handler of type [class org.springframework.web.servlet.resource.ResourceHttpRequestHandler]
2017-07-20 17:56:42.681  INFO 7468 --- [main] oConfiguration$WelcomePageHandlerMapping : Adding welcome page: class path resource [static/index.html]
2017-07-20 17:56:42.765  INFO 7468 --- [main] o.s.j.e.a.AnnotationMBeanExporter        : Registering beans for JMX exposure on startup
2017-07-20 17:56:42.819  INFO 7468 --- [main] s.b.c.e.t.TomcatEmbeddedServletContainer : Tomcat started on port(s): 8080 (http)
2017-07-20 17:56:42.822  INFO 7468 --- [main] com.adminaccess.AdminApplication         : Started AdminApplication in 2.429 seconds (JVM running for 2.809)
2017-07-20 17:56:46.205  INFO 7468 --- [http-nio-8080-exec-1] o.a.c.c.C.[Tomcat].[localhost].[/]       : Initializing Spring FrameworkServlet 'dispatcherServlet'
2017-07-20 17:56:46.206  INFO 7468 --- [http-nio-8080-exec-1] o.s.web.servlet.DispatcherServlet        : FrameworkServlet 'dispatcherServlet': initialization started
2017-07-20 17:56:46.218  INFO 7468 --- [http-nio-8080-exec-1] o.s.web.servlet.DispatcherServlet        : FrameworkServlet 'dispatcherServlet': initialization completed in 12 ms
2017-07-21 08:59:55.742  INFO 3904 --- [main] com.adminaccess.AdminApplication         : Starting AdminApplication on WGTJZ9MF7EZ759H with PID 3904 (E:\meizi\Admin\target\classes started by Administrator in E:\meizi\Admin)
2017-07-21 08:59:55.773  INFO 3904 --- [main] com.adminaccess.AdminApplication         : No active profile set, falling back to default profiles: default
2017-07-21 08:59:55.820  INFO 3904 --- [main] ationConfigEmbeddedWebApplicationContext : Refreshing org.springframework.boot.context.embedded.AnnotationConfigEmbeddedWebApplicationContext@76329302: startup date [Fri Jul 21 08:59:55 CST 2017]; root of context hierarchy
2017-07-21 08:59:57.255  INFO 3904 --- [main] s.b.c.e.t.TomcatEmbeddedServletContainer : Tomcat initialized with port(s): 8080 (http)
2017-07-21 08:59:57.287  INFO 3904 --- [main] o.apache.catalina.core.StandardService   : Starting service [Tomcat]
2017-07-21 08:59:57.287  INFO 3904 --- [main] org.apache.catalina.core.StandardEngine  : Starting Servlet Engine: Apache Tomcat/8.5.15
2017-07-21 08:59:57.380  INFO 3904 --- [localhost-startStop-1] o.a.c.c.C.[Tomcat].[localhost].[/]       : Initializing Spring embedded WebApplicationContext
2017-07-21 08:59:57.380  INFO 3904 --- [localhost-startStop-1] o.s.web.context.ContextLoader            : Root WebApplicationContext: initialization completed in 1560 ms
2017-07-21 08:59:57.521  INFO 3904 --- [localhost-startStop-1] o.s.b.w.servlet.ServletRegistrationBean  : Mapping servlet: 'dispatcherServlet' to [/]
2017-07-21 08:59:57.521  INFO 3904 --- [localhost-startStop-1] o.s.b.w.servlet.FilterRegistrationBean   : Mapping filter: 'characterEncodingFilter' to: [/*]
2017-07-21 08:59:57.521  INFO 3904 --- [localhost-startStop-1] o.s.b.w.servlet.FilterRegistrationBean   : Mapping filter: 'hiddenHttpMethodFilter' to: [/*]
2017-07-21 08:59:57.521  INFO 3904 --- [localhost-startStop-1] o.s.b.w.servlet.FilterRegistrationBean   : Mapping filter: 'httpPutFormContentFilter' to: [/*]
2017-07-21 08:59:57.521  INFO 3904 --- [localhost-startStop-1] o.s.b.w.servlet.FilterRegistrationBean   : Mapping filter: 'requestContextFilter' to: [/*]
2017-07-21 08:59:57.801  INFO 3904 --- [main] s.w.s.m.m.a.RequestMappingHandlerAdapter : Looking for @ControllerAdvice: org.springframework.boot.context.embedded.AnnotationConfigEmbeddedWebApplicationContext@76329302: startup date [Fri Jul 21 08:59:55 CST 2017]; root of context hierarchy
2017-07-21 08:59:57.864  INFO 3904 --- [main] s.w.s.m.m.a.RequestMappingHandlerMapping : Mapped "{[/login]}" onto public java.util.Map<java.lang.String, java.lang.Object> com.adminaccess.AdminApplication.meizilogin(org.apache.catalina.servlet4preview.http.HttpServletRequest)
2017-07-21 08:59:57.864  INFO 3904 --- [main] s.w.s.m.m.a.RequestMappingHandlerMapping : Mapped "{[/error]}" onto public org.springframework.http.ResponseEntity<java.util.Map<java.lang.String, java.lang.Object>> org.springframework.boot.autoconfigure.web.BasicErrorController.error(javax.servlet.http.HttpServletRequest)
2017-07-21 08:59:57.864  INFO 3904 --- [main] s.w.s.m.m.a.RequestMappingHandlerMapping : Mapped "{[/error],produces=[text/html]}" onto public org.springframework.web.servlet.ModelAndView org.springframework.boot.autoconfigure.web.BasicErrorController.errorHtml(javax.servlet.http.HttpServletRequest,javax.servlet.http.HttpServletResponse)
2017-07-21 08:59:57.895  INFO 3904 --- [main] o.s.w.s.handler.SimpleUrlHandlerMapping  : Mapped URL path [/webjars/**] onto handler of type [class org.springframework.web.servlet.resource.ResourceHttpRequestHandler]
2017-07-21 08:59:57.895  INFO 3904 --- [main] o.s.w.s.handler.SimpleUrlHandlerMapping  : Mapped URL path [/**] onto handler of type [class org.springframework.web.servlet.resource.ResourceHttpRequestHandler]
2017-07-21 08:59:57.926  INFO 3904 --- [main] o.s.w.s.handler.SimpleUrlHandlerMapping  : Mapped URL path [/**/favicon.ico] onto handler of type [class org.springframework.web.servlet.resource.ResourceHttpRequestHandler]
2017-07-21 08:59:57.957  INFO 3904 --- [main] oConfiguration$WelcomePageHandlerMapping : Adding welcome page: class path resource [static/index.html]
2017-07-21 08:59:58.082  INFO 3904 --- [main] o.s.j.e.a.AnnotationMBeanExporter        : Registering beans for JMX exposure on startup
2017-07-21 08:59:58.160  INFO 3904 --- [main] s.b.c.e.t.TomcatEmbeddedServletContainer : Tomcat started on port(s): 8080 (http)
2017-07-21 08:59:58.160  INFO 3904 --- [main] com.adminaccess.AdminApplication         : Started AdminApplication in 2.777 seconds (JVM running for 3.526)
2017-07-21 09:02:35.875  INFO 1200 --- [main] com.adminaccess.AdminApplication         : Starting AdminApplication on WGTJZ9MF7EZ759H with PID 1200 (E:\meizi\Admin\target\classes started by Administrator in E:\meizi\Admin)
2017-07-21 09:02:35.875  INFO 1200 --- [main] com.adminaccess.AdminApplication         : No active profile set, falling back to default profiles: default
2017-07-21 09:02:35.953  INFO 1200 --- [main] ationConfigEmbeddedWebApplicationContext : Refreshing org.springframework.boot.context.embedded.AnnotationConfigEmbeddedWebApplicationContext@76329302: startup date [Fri Jul 21 09:02:35 CST 2017]; root of context hierarchy
2017-07-21 09:02:37.340  INFO 1200 --- [main] s.b.c.e.t.TomcatEmbeddedServletContainer : Tomcat initialized with port(s): 8080 (http)
2017-07-21 09:02:37.356  INFO 1200 --- [main] o.apache.catalina.core.StandardService   : Starting service [Tomcat]
2017-07-21 09:02:37.356  INFO 1200 --- [main] org.apache.catalina.core.StandardEngine  : Starting Servlet Engine: Apache Tomcat/8.5.15
2017-07-21 09:02:37.434  INFO 1200 --- [localhost-startStop-1] o.a.c.c.C.[Tomcat].[localhost].[/]       : Initializing Spring embedded WebApplicationContext
2017-07-21 09:02:37.434  INFO 1200 --- [localhost-startStop-1] o.s.web.context.ContextLoader            : Root WebApplicationContext: initialization completed in 1497 ms
2017-07-21 09:02:37.558  INFO 1200 --- [localhost-startStop-1] o.s.b.w.servlet.ServletRegistrationBean  : Mapping servlet: 'dispatcherServlet' to [/]
2017-07-21 09:02:37.558  INFO 1200 --- [localhost-startStop-1] o.s.b.w.servlet.FilterRegistrationBean   : Mapping filter: 'characterEncodingFilter' to: [/*]
2017-07-21 09:02:37.558  INFO 1200 --- [localhost-startStop-1] o.s.b.w.servlet.FilterRegistrationBean   : Mapping filter: 'hiddenHttpMethodFilter' to: [/*]
2017-07-21 09:02:37.558  INFO 1200 --- [localhost-startStop-1] o.s.b.w.servlet.FilterRegistrationBean   : Mapping filter: 'httpPutFormContentFilter' to: [/*]
2017-07-21 09:02:37.558  INFO 1200 --- [localhost-startStop-1] o.s.b.w.servlet.FilterRegistrationBean   : Mapping filter: 'requestContextFilter' to: [/*]
2017-07-21 09:02:37.777  INFO 1200 --- [main] s.w.s.m.m.a.RequestMappingHandlerAdapter : Looking for @ControllerAdvice: org.springframework.boot.context.embedded.AnnotationConfigEmbeddedWebApplicationContext@76329302: startup date [Fri Jul 21 09:02:35 CST 2017]; root of context hierarchy
2017-07-21 09:02:37.824  INFO 1200 --- [main] s.w.s.m.m.a.RequestMappingHandlerMapping : Mapped "{[/login]}" onto public java.util.Map<java.lang.String, java.lang.Object> com.adminaccess.AdminApplication.meizilogin(org.apache.catalina.servlet4preview.http.HttpServletRequest)
2017-07-21 09:02:37.839  INFO 1200 --- [main] s.w.s.m.m.a.RequestMappingHandlerMapping : Mapped "{[/error]}" onto public org.springframework.http.ResponseEntity<java.util.Map<java.lang.String, java.lang.Object>> org.springframework.boot.autoconfigure.web.BasicErrorController.error(javax.servlet.http.HttpServletRequest)
2017-07-21 09:02:37.839  INFO 1200 --- [main] s.w.s.m.m.a.RequestMappingHandlerMapping : Mapped "{[/error],produces=[text/html]}" onto public org.springframework.web.servlet.ModelAndView org.springframework.boot.autoconfigure.web.BasicErrorController.errorHtml(javax.servlet.http.HttpServletRequest,javax.servlet.http.HttpServletResponse)
2017-07-21 09:02:37.855  INFO 1200 --- [main] o.s.w.s.handler.SimpleUrlHandlerMapping  : Mapped URL path [/webjars/**] onto handler of type [class org.springframework.web.servlet.resource.ResourceHttpRequestHandler]
2017-07-21 09:02:37.855  INFO 1200 --- [main] o.s.w.s.handler.SimpleUrlHandlerMapping  : Mapped URL path [/**] onto handler of type [class org.springframework.web.servlet.resource.ResourceHttpRequestHandler]
2017-07-21 09:02:37.886  INFO 1200 --- [main] o.s.w.s.handler.SimpleUrlHandlerMapping  : Mapped URL path [/**/favicon.ico] onto handler of type [class org.springframework.web.servlet.resource.ResourceHttpRequestHandler]
2017-07-21 09:02:37.902  INFO 1200 --- [main] oConfiguration$WelcomePageHandlerMapping : Adding welcome page: class path resource [static/index.html]
2017-07-21 09:02:37.980  INFO 1200 --- [main] o.s.j.e.a.AnnotationMBeanExporter        : Registering beans for JMX exposure on startup
2017-07-21 09:02:38.026  INFO 1200 --- [main] s.b.c.e.t.TomcatEmbeddedServletContainer : Tomcat started on port(s): 8080 (http)
2017-07-21 09:02:38.042  INFO 1200 --- [main] com.adminaccess.AdminApplication         : Started AdminApplication in 2.448 seconds (JVM running for 2.803)
2017-07-21 09:02:52.616  INFO 2572 --- [main] com.adminaccess.AdminApplication         : Starting AdminApplication on WGTJZ9MF7EZ759H with PID 2572 (E:\meizi\Admin\target\classes started by Administrator in E:\meizi\Admin)
2017-07-21 09:02:52.616  INFO 2572 --- [main] com.adminaccess.AdminApplication         : No active profile set, falling back to default profiles: default
2017-07-21 09:02:52.746  INFO 2572 --- [main] ationConfigEmbeddedWebApplicationContext : Refreshing org.springframework.boot.context.embedded.AnnotationConfigEmbeddedWebApplicationContext@76329302: startup date [Fri Jul 21 09:02:52 CST 2017]; root of context hierarchy
2017-07-21 09:02:54.713  INFO 2572 --- [main] s.b.c.e.t.TomcatEmbeddedServletContainer : Tomcat initialized with port(s): 8080 (http)
2017-07-21 09:02:54.729  INFO 2572 --- [main] o.apache.catalina.core.StandardService   : Starting service [Tomcat]
2017-07-21 09:02:54.729  INFO 2572 --- [main] org.apache.catalina.core.StandardEngine  : Starting Servlet Engine: Apache Tomcat/8.5.15
2017-07-21 09:02:54.807  INFO 2572 --- [localhost-startStop-1] o.a.c.c.C.[Tomcat].[localhost].[/]       : Initializing Spring embedded WebApplicationContext
2017-07-21 09:02:54.807  INFO 2572 --- [localhost-startStop-1] o.s.web.context.ContextLoader            : Root WebApplicationContext: initialization completed in 2061 ms
2017-07-21 09:02:54.916  INFO 2572 --- [localhost-startStop-1] o.s.b.w.servlet.ServletRegistrationBean  : Mapping servlet: 'dispatcherServlet' to [/]
2017-07-21 09:02:54.916  INFO 2572 --- [localhost-startStop-1] o.s.b.w.servlet.FilterRegistrationBean   : Mapping filter: 'characterEncodingFilter' to: [/*]
2017-07-21 09:02:54.916  INFO 2572 --- [localhost-startStop-1] o.s.b.w.servlet.FilterRegistrationBean   : Mapping filter: 'hiddenHttpMethodFilter' to: [/*]
2017-07-21 09:02:54.916  INFO 2572 --- [localhost-startStop-1] o.s.b.w.servlet.FilterRegistrationBean   : Mapping filter: 'httpPutFormContentFilter' to: [/*]
2017-07-21 09:02:54.916  INFO 2572 --- [localhost-startStop-1] o.s.b.w.servlet.FilterRegistrationBean   : Mapping filter: 'requestContextFilter' to: [/*]
2017-07-21 09:02:55.150  INFO 2572 --- [main] s.w.s.m.m.a.RequestMappingHandlerAdapter : Looking for @ControllerAdvice: org.springframework.boot.context.embedded.AnnotationConfigEmbeddedWebApplicationContext@76329302: startup date [Fri Jul 21 09:02:52 CST 2017]; root of context hierarchy
2017-07-21 09:02:55.212  INFO 2572 --- [main] s.w.s.m.m.a.RequestMappingHandlerMapping : Mapped "{[/login]}" onto public java.util.Map<java.lang.String, java.lang.Object> com.adminaccess.AdminApplication.meizilogin(org.apache.catalina.servlet4preview.http.HttpServletRequest)
2017-07-21 09:02:55.212  INFO 2572 --- [main] s.w.s.m.m.a.RequestMappingHandlerMapping : Mapped "{[/error]}" onto public org.springframework.http.ResponseEntity<java.util.Map<java.lang.String, java.lang.Object>> org.springframework.boot.autoconfigure.web.BasicErrorController.error(javax.servlet.http.HttpServletRequest)
2017-07-21 09:02:55.212  INFO 2572 --- [main] s.w.s.m.m.a.RequestMappingHandlerMapping : Mapped "{[/error],produces=[text/html]}" onto public org.springframework.web.servlet.ModelAndView org.springframework.boot.autoconfigure.web.BasicErrorController.errorHtml(javax.servlet.http.HttpServletRequest,javax.servlet.http.HttpServletResponse)
2017-07-21 09:02:55.244  INFO 2572 --- [main] o.s.w.s.handler.SimpleUrlHandlerMapping  : Mapped URL path [/webjars/**] onto handler of type [class org.springframework.web.servlet.resource.ResourceHttpRequestHandler]
2017-07-21 09:02:55.244  INFO 2572 --- [main] o.s.w.s.handler.SimpleUrlHandlerMapping  : Mapped URL path [/**] onto handler of type [class org.springframework.web.servlet.resource.ResourceHttpRequestHandler]
2017-07-21 09:02:55.275  INFO 2572 --- [main] o.s.w.s.handler.SimpleUrlHandlerMapping  : Mapped URL path [/**/favicon.ico] onto handler of type [class org.springframework.web.servlet.resource.ResourceHttpRequestHandler]
2017-07-21 09:02:55.290  INFO 2572 --- [main] oConfiguration$WelcomePageHandlerMapping : Adding welcome page: class path resource [static/index.html]
2017-07-21 09:02:55.415  INFO 2572 --- [main] o.s.j.e.a.AnnotationMBeanExporter        : Registering beans for JMX exposure on startup
2017-07-21 09:02:55.462  INFO 2572 --- [main] s.b.c.e.t.TomcatEmbeddedServletContainer : Tomcat started on port(s): 8080 (http)
2017-07-21 09:02:55.462  INFO 2572 --- [main] com.adminaccess.AdminApplication         : Started AdminApplication in 3.351 seconds (JVM running for 3.816)
2017-07-21 10:12:34.361  INFO 1164 --- [main] com.adminaccess.AdminApplication         : Starting AdminApplication on WGTJZ9MF7EZ759H with PID 1164 (E:\meizi\Admin\target\classes started by Administrator in E:\meizi\Admin)
2017-07-21 10:12:34.363  INFO 1164 --- [main] com.adminaccess.AdminApplication         : No active profile set, falling back to default profiles: default
2017-07-21 10:12:34.420  INFO 1164 --- [main] ationConfigEmbeddedWebApplicationContext : Refreshing org.springframework.boot.context.embedded.AnnotationConfigEmbeddedWebApplicationContext@25359ed8: startup date [Fri Jul 21 10:12:34 CST 2017]; root of context hierarchy
2017-07-21 10:12:36.100  INFO 1164 --- [main] s.b.c.e.t.TomcatEmbeddedServletContainer : Tomcat initialized with port(s): 8080 (http)
2017-07-21 10:12:36.111  INFO 1164 --- [main] o.apache.catalina.core.StandardService   : Starting service [Tomcat]
2017-07-21 10:12:36.112  INFO 1164 --- [main] org.apache.catalina.core.StandardEngine  : Starting Servlet Engine: Apache Tomcat/8.5.15
2017-07-21 10:12:36.197  INFO 1164 --- [localhost-startStop-1] o.a.c.c.C.[Tomcat].[localhost].[/]       : Initializing Spring embedded WebApplicationContext
2017-07-21 10:12:36.197  INFO 1164 --- [localhost-startStop-1] o.s.web.context.ContextLoader            : Root WebApplicationContext: initialization completed in 1779 ms
2017-07-21 10:12:36.318  INFO 1164 --- [localhost-startStop-1] o.s.b.w.servlet.ServletRegistrationBean  : Mapping servlet: 'dispatcherServlet' to [/]
2017-07-21 10:12:36.322  INFO 1164 --- [localhost-startStop-1] o.s.b.w.servlet.FilterRegistrationBean   : Mapping filter: 'characterEncodingFilter' to: [/*]
2017-07-21 10:12:36.322  INFO 1164 --- [localhost-startStop-1] o.s.b.w.servlet.FilterRegistrationBean   : Mapping filter: 'hiddenHttpMethodFilter' to: [/*]
2017-07-21 10:12:36.322  INFO 1164 --- [localhost-startStop-1] o.s.b.w.servlet.FilterRegistrationBean   : Mapping filter: 'httpPutFormContentFilter' to: [/*]
2017-07-21 10:12:36.322  INFO 1164 --- [localhost-startStop-1] o.s.b.w.servlet.FilterRegistrationBean   : Mapping filter: 'requestContextFilter' to: [/*]
2017-07-21 10:12:36.549  INFO 1164 --- [main] s.w.s.m.m.a.RequestMappingHandlerAdapter : Looking for @ControllerAdvice: org.springframework.boot.context.embedded.AnnotationConfigEmbeddedWebApplicationContext@25359ed8: startup date [Fri Jul 21 10:12:34 CST 2017]; root of context hierarchy
2017-07-21 10:12:36.595  INFO 1164 --- [main] s.w.s.m.m.a.RequestMappingHandlerMapping : Mapped "{[/login]}" onto public java.util.Map<java.lang.String, java.lang.Object> com.adminaccess.AdminApplication.meizilogin(org.apache.catalina.servlet4preview.http.HttpServletRequest)
2017-07-21 10:12:36.597  INFO 1164 --- [main] s.w.s.m.m.a.RequestMappingHandlerMapping : Mapped "{[/error]}" onto public org.springframework.http.ResponseEntity<java.util.Map<java.lang.String, java.lang.Object>> org.springframework.boot.autoconfigure.web.BasicErrorController.error(javax.servlet.http.HttpServletRequest)
2017-07-21 10:12:36.598  INFO 1164 --- [main] s.w.s.m.m.a.RequestMappingHandlerMapping : Mapped "{[/error],produces=[text/html]}" onto public org.springframework.web.servlet.ModelAndView org.springframework.boot.autoconfigure.web.BasicErrorController.errorHtml(javax.servlet.http.HttpServletRequest,javax.servlet.http.HttpServletResponse)
2017-07-21 10:12:36.620  INFO 1164 --- [main] o.s.w.s.handler.SimpleUrlHandlerMapping  : Mapped URL path [/webjars/**] onto handler of type [class org.springframework.web.servlet.resource.ResourceHttpRequestHandler]
2017-07-21 10:12:36.620  INFO 1164 --- [main] o.s.w.s.handler.SimpleUrlHandlerMapping  : Mapped URL path [/**] onto handler of type [class org.springframework.web.servlet.resource.ResourceHttpRequestHandler]
2017-07-21 10:12:36.646  INFO 1164 --- [main] o.s.w.s.handler.SimpleUrlHandlerMapping  : Mapped URL path [/**/favicon.ico] onto handler of type [class org.springframework.web.servlet.resource.ResourceHttpRequestHandler]
2017-07-21 10:12:36.664  INFO 1164 --- [main] oConfiguration$WelcomePageHandlerMapping : Adding welcome page: class path resource [static/index.html]
2017-07-21 10:12:36.755  INFO 1164 --- [main] o.s.j.e.a.AnnotationMBeanExporter        : Registering beans for JMX exposure on startup
2017-07-21 10:12:36.814  INFO 1164 --- [main] s.b.c.e.t.TomcatEmbeddedServletContainer : Tomcat started on port(s): 8080 (http)
2017-07-21 10:12:36.817  INFO 1164 --- [main] com.adminaccess.AdminApplication         : Started AdminApplication in 2.769 seconds (JVM running for 3.076)
2017-07-21 10:55:59.573  INFO 7088 --- [main] com.adminaccess.AdminApplication         : Starting AdminApplication on WGTJZ9MF7EZ759H with PID 7088 (E:\meizi\Admin\target\classes started by Administrator in E:\meizi\Admin)
2017-07-21 10:55:59.575  INFO 7088 --- [main] com.adminaccess.AdminApplication         : No active profile set, falling back to default profiles: default
2017-07-21 10:55:59.629  INFO 7088 --- [main] ationConfigEmbeddedWebApplicationContext : Refreshing org.springframework.boot.context.embedded.AnnotationConfigEmbeddedWebApplicationContext@25359ed8: startup date [Fri Jul 21 10:55:59 CST 2017]; root of context hierarchy
2017-07-21 10:56:01.434  INFO 7088 --- [main] s.b.c.e.t.TomcatEmbeddedServletContainer : Tomcat initialized with port(s): 8080 (http)
2017-07-21 10:56:01.450  INFO 7088 --- [main] o.apache.catalina.core.StandardService   : Starting service [Tomcat]
2017-07-21 10:56:01.452  INFO 7088 --- [main] org.apache.catalina.core.StandardEngine  : Starting Servlet Engine: Apache Tomcat/8.5.15
2017-07-21 10:56:01.553  INFO 7088 --- [localhost-startStop-1] o.a.c.c.C.[Tomcat].[localhost].[/]       : Initializing Spring embedded WebApplicationContext
2017-07-21 10:56:01.554  INFO 7088 --- [localhost-startStop-1] o.s.web.context.ContextLoader            : Root WebApplicationContext: initialization completed in 1928 ms
2017-07-21 10:56:01.680  INFO 7088 --- [localhost-startStop-1] o.s.b.w.servlet.ServletRegistrationBean  : Mapping servlet: 'dispatcherServlet' to [/]
2017-07-21 10:56:01.683  INFO 7088 --- [localhost-startStop-1] o.s.b.w.servlet.FilterRegistrationBean   : Mapping filter: 'characterEncodingFilter' to: [/*]
2017-07-21 10:56:01.684  INFO 7088 --- [localhost-startStop-1] o.s.b.w.servlet.FilterRegistrationBean   : Mapping filter: 'hiddenHttpMethodFilter' to: [/*]
2017-07-21 10:56:01.684  INFO 7088 --- [localhost-startStop-1] o.s.b.w.servlet.FilterRegistrationBean   : Mapping filter: 'httpPutFormContentFilter' to: [/*]
2017-07-21 10:56:01.685  INFO 7088 --- [localhost-startStop-1] o.s.b.w.servlet.FilterRegistrationBean   : Mapping filter: 'requestContextFilter' to: [/*]
2017-07-21 10:56:01.930  INFO 7088 --- [main] s.w.s.m.m.a.RequestMappingHandlerAdapter : Looking for @ControllerAdvice: org.springframework.boot.context.embedded.AnnotationConfigEmbeddedWebApplicationContext@25359ed8: startup date [Fri Jul 21 10:55:59 CST 2017]; root of context hierarchy
2017-07-21 10:56:01.982  INFO 7088 --- [main] s.w.s.m.m.a.RequestMappingHandlerMapping : Mapped "{[/login]}" onto public java.util.Map<java.lang.String, java.lang.Object> com.adminaccess.AdminApplication.meizilogin(org.apache.catalina.servlet4preview.http.HttpServletRequest)
2017-07-21 10:56:01.985  INFO 7088 --- [main] s.w.s.m.m.a.RequestMappingHandlerMapping : Mapped "{[/error]}" onto public org.springframework.http.ResponseEntity<java.util.Map<java.lang.String, java.lang.Object>> org.springframework.boot.autoconfigure.web.BasicErrorController.error(javax.servlet.http.HttpServletRequest)
2017-07-21 10:56:01.986  INFO 7088 --- [main] s.w.s.m.m.a.RequestMappingHandlerMapping : Mapped "{[/error],produces=[text/html]}" onto public org.springframework.web.servlet.ModelAndView org.springframework.boot.autoconfigure.web.BasicErrorController.errorHtml(javax.servlet.http.HttpServletRequest,javax.servlet.http.HttpServletResponse)
2017-07-21 10:56:02.007  INFO 7088 --- [main] o.s.w.s.handler.SimpleUrlHandlerMapping  : Mapped URL path [/webjars/**] onto handler of type [class org.springframework.web.servlet.resource.ResourceHttpRequestHandler]
2017-07-21 10:56:02.007  INFO 7088 --- [main] o.s.w.s.handler.SimpleUrlHandlerMapping  : Mapped URL path [/**] onto handler of type [class org.springframework.web.servlet.resource.ResourceHttpRequestHandler]
2017-07-21 10:56:02.034  INFO 7088 --- [main] o.s.w.s.handler.SimpleUrlHandlerMapping  : Mapped URL path [/**/favicon.ico] onto handler of type [class org.springframework.web.servlet.resource.ResourceHttpRequestHandler]
2017-07-21 10:56:02.052  INFO 7088 --- [main] oConfiguration$WelcomePageHandlerMapping : Adding welcome page: class path resource [static/index.html]
2017-07-21 10:56:02.209  INFO 7088 --- [main] o.s.j.e.a.AnnotationMBeanExporter        : Registering beans for JMX exposure on startup
2017-07-21 10:56:02.274  INFO 7088 --- [main] s.b.c.e.t.TomcatEmbeddedServletContainer : Tomcat started on port(s): 8080 (http)
2017-07-21 10:56:02.278  INFO 7088 --- [main] com.adminaccess.AdminApplication         : Started AdminApplication in 3.049 seconds (JVM running for 3.358)
2017-07-21 10:56:04.847  INFO 7088 --- [http-nio-8080-exec-2] o.a.c.c.C.[Tomcat].[localhost].[/]       : Initializing Spring FrameworkServlet 'dispatcherServlet'
2017-07-21 10:56:04.847  INFO 7088 --- [http-nio-8080-exec-2] o.s.web.servlet.DispatcherServlet        : FrameworkServlet 'dispatcherServlet': initialization started
2017-07-21 10:56:04.862  INFO 7088 --- [http-nio-8080-exec-2] o.s.web.servlet.DispatcherServlet        : FrameworkServlet 'dispatcherServlet': initialization completed in 15 ms
2017-07-21 10:56:32.811  INFO 6692 --- [main] com.adminaccess.AdminApplication         : Starting AdminApplication on WGTJZ9MF7EZ759H with PID 6692 (E:\meizi\Admin\target\classes started by Administrator in E:\meizi\Admin)
2017-07-21 10:56:32.813  INFO 6692 --- [main] com.adminaccess.AdminApplication         : No active profile set, falling back to default profiles: default
2017-07-21 10:56:32.865  INFO 6692 --- [main] ationConfigEmbeddedWebApplicationContext : Refreshing org.springframework.boot.context.embedded.AnnotationConfigEmbeddedWebApplicationContext@25359ed8: startup date [Fri Jul 21 10:56:32 CST 2017]; root of context hierarchy
2017-07-21 10:56:34.066  INFO 6692 --- [main] s.b.c.e.t.TomcatEmbeddedServletContainer : Tomcat initialized with port(s): 8080 (http)
2017-07-21 10:56:34.081  INFO 6692 --- [main] o.apache.catalina.core.StandardService   : Starting service [Tomcat]
2017-07-21 10:56:34.082  INFO 6692 --- [main] org.apache.catalina.core.StandardEngine  : Starting Servlet Engine: Apache Tomcat/8.5.15
2017-07-21 10:56:34.241  INFO 6692 --- [localhost-startStop-1] o.a.c.c.C.[Tomcat].[localhost].[/]       : Initializing Spring embedded WebApplicationContext
2017-07-21 10:56:34.242  INFO 6692 --- [localhost-startStop-1] o.s.web.context.ContextLoader            : Root WebApplicationContext: initialization completed in 1379 ms
2017-07-21 10:56:34.463  INFO 6692 --- [localhost-startStop-1] o.s.b.w.servlet.ServletRegistrationBean  : Mapping servlet: 'dispatcherServlet' to [/]
2017-07-21 10:56:34.470  INFO 6692 --- [localhost-startStop-1] o.s.b.w.servlet.FilterRegistrationBean   : Mapping filter: 'characterEncodingFilter' to: [/*]
2017-07-21 10:56:34.472  INFO 6692 --- [localhost-startStop-1] o.s.b.w.servlet.FilterRegistrationBean   : Mapping filter: 'hiddenHttpMethodFilter' to: [/*]
2017-07-21 10:56:34.473  INFO 6692 --- [localhost-startStop-1] o.s.b.w.servlet.FilterRegistrationBean   : Mapping filter: 'httpPutFormContentFilter' to: [/*]
2017-07-21 10:56:34.475  INFO 6692 --- [localhost-startStop-1] o.s.b.w.servlet.FilterRegistrationBean   : Mapping filter: 'requestContextFilter' to: [/*]
2017-07-21 10:56:34.800  INFO 6692 --- [main] s.w.s.m.m.a.RequestMappingHandlerAdapter : Looking for @ControllerAdvice: org.springframework.boot.context.embedded.AnnotationConfigEmbeddedWebApplicationContext@25359ed8: startup date [Fri Jul 21 10:56:32 CST 2017]; root of context hierarchy
2017-07-21 10:56:34.857  INFO 6692 --- [main] s.w.s.m.m.a.RequestMappingHandlerMapping : Mapped "{[/login]}" onto public java.util.Map<java.lang.String, java.lang.Object> com.adminaccess.AdminApplication.meizilogin(org.apache.catalina.servlet4preview.http.HttpServletRequest)
2017-07-21 10:56:34.860  INFO 6692 --- [main] s.w.s.m.m.a.RequestMappingHandlerMapping : Mapped "{[/error]}" onto public org.springframework.http.ResponseEntity<java.util.Map<java.lang.String, java.lang.Object>> org.springframework.boot.autoconfigure.web.BasicErrorController.error(javax.servlet.http.HttpServletRequest)
2017-07-21 10:56:34.860  INFO 6692 --- [main] s.w.s.m.m.a.RequestMappingHandlerMapping : Mapped "{[/error],produces=[text/html]}" onto public org.springframework.web.servlet.ModelAndView org.springframework.boot.autoconfigure.web.BasicErrorController.errorHtml(javax.servlet.http.HttpServletRequest,javax.servlet.http.HttpServletResponse)
2017-07-21 10:56:34.882  INFO 6692 --- [main] o.s.w.s.handler.SimpleUrlHandlerMapping  : Mapped URL path [/webjars/**] onto handler of type [class org.springframework.web.servlet.resource.ResourceHttpRequestHandler]
2017-07-21 10:56:34.882  INFO 6692 --- [main] o.s.w.s.handler.SimpleUrlHandlerMapping  : Mapped URL path [/**] onto handler of type [class org.springframework.web.servlet.resource.ResourceHttpRequestHandler]
2017-07-21 10:56:34.909  INFO 6692 --- [main] o.s.w.s.handler.SimpleUrlHandlerMapping  : Mapped URL path [/**/favicon.ico] onto handler of type [class org.springframework.web.servlet.resource.ResourceHttpRequestHandler]
2017-07-21 10:56:34.926  INFO 6692 --- [main] oConfiguration$WelcomePageHandlerMapping : Adding welcome page: class path resource [static/index.html]
2017-07-21 10:56:35.048  INFO 6692 --- [main] o.s.j.e.a.AnnotationMBeanExporter        : Registering beans for JMX exposure on startup
2017-07-21 10:56:35.123  INFO 6692 --- [main] s.b.c.e.t.TomcatEmbeddedServletContainer : Tomcat started on port(s): 8080 (http)
2017-07-21 10:56:35.127  INFO 6692 --- [main] com.adminaccess.AdminApplication         : Started AdminApplication in 2.639 seconds (JVM running for 2.997)
2017-07-21 10:56:38.647  INFO 6692 --- [http-nio-8080-exec-2] o.a.c.c.C.[Tomcat].[localhost].[/]       : Initializing Spring FrameworkServlet 'dispatcherServlet'
2017-07-21 10:56:38.647  INFO 6692 --- [http-nio-8080-exec-2] o.s.web.servlet.DispatcherServlet        : FrameworkServlet 'dispatcherServlet': initialization started
2017-07-21 10:56:38.659  INFO 6692 --- [http-nio-8080-exec-2] o.s.web.servlet.DispatcherServlet        : FrameworkServlet 'dispatcherServlet': initialization completed in 11 ms
2017-07-21 11:01:54.983  INFO 2624 --- [main] com.adminaccess.AdminApplication         : Starting AdminApplication on WGTJZ9MF7EZ759H with PID 2624 (E:\meizi\Admin\target\classes started by Administrator in E:\meizi\Admin)
2017-07-21 11:01:54.985  INFO 2624 --- [main] com.adminaccess.AdminApplication         : No active profile set, falling back to default profiles: default
2017-07-21 11:01:55.047  INFO 2624 --- [main] ationConfigEmbeddedWebApplicationContext : Refreshing org.springframework.boot.context.embedded.AnnotationConfigEmbeddedWebApplicationContext@25359ed8: startup date [Fri Jul 21 11:01:55 CST 2017]; root of context hierarchy
2017-07-21 11:01:56.367  INFO 2624 --- [main] s.b.c.e.t.TomcatEmbeddedServletContainer : Tomcat initialized with port(s): 8080 (http)
2017-07-21 11:01:56.378  INFO 2624 --- [main] o.apache.catalina.core.StandardService   : Starting service [Tomcat]
2017-07-21 11:01:56.379  INFO 2624 --- [main] org.apache.catalina.core.StandardEngine  : Starting Servlet Engine: Apache Tomcat/8.5.15
2017-07-21 11:01:56.469  INFO 2624 --- [localhost-startStop-1] o.a.c.c.C.[Tomcat].[localhost].[/]       : Initializing Spring embedded WebApplicationContext
2017-07-21 11:01:56.469  INFO 2624 --- [localhost-startStop-1] o.s.web.context.ContextLoader            : Root WebApplicationContext: initialization completed in 1429 ms
2017-07-21 11:01:56.610  INFO 2624 --- [localhost-startStop-1] o.s.b.w.servlet.ServletRegistrationBean  : Mapping servlet: 'dispatcherServlet' to [/]
2017-07-21 11:01:56.614  INFO 2624 --- [localhost-startStop-1] o.s.b.w.servlet.FilterRegistrationBean   : Mapping filter: 'characterEncodingFilter' to: [/*]
2017-07-21 11:01:56.614  INFO 2624 --- [localhost-startStop-1] o.s.b.w.servlet.FilterRegistrationBean   : Mapping filter: 'hiddenHttpMethodFilter' to: [/*]
2017-07-21 11:01:56.615  INFO 2624 --- [localhost-startStop-1] o.s.b.w.servlet.FilterRegistrationBean   : Mapping filter: 'httpPutFormContentFilter' to: [/*]
2017-07-21 11:01:56.615  INFO 2624 --- [localhost-startStop-1] o.s.b.w.servlet.FilterRegistrationBean   : Mapping filter: 'requestContextFilter' to: [/*]
2017-07-21 11:01:56.843  INFO 2624 --- [main] s.w.s.m.m.a.RequestMappingHandlerAdapter : Looking for @ControllerAdvice: org.springframework.boot.context.embedded.AnnotationConfigEmbeddedWebApplicationContext@25359ed8: startup date [Fri Jul 21 11:01:55 CST 2017]; root of context hierarchy
2017-07-21 11:01:56.894  INFO 2624 --- [main] s.w.s.m.m.a.RequestMappingHandlerMapping : Mapped "{[/login]}" onto public java.util.Map<java.lang.String, java.lang.Object> com.adminaccess.AdminApplication.meizilogin(org.apache.catalina.servlet4preview.http.HttpServletRequest)
2017-07-21 11:01:56.897  INFO 2624 --- [main] s.w.s.m.m.a.RequestMappingHandlerMapping : Mapped "{[/error]}" onto public org.springframework.http.ResponseEntity<java.util.Map<java.lang.String, java.lang.Object>> org.springframework.boot.autoconfigure.web.BasicErrorController.error(javax.servlet.http.HttpServletRequest)
2017-07-21 11:01:56.897  INFO 2624 --- [main] s.w.s.m.m.a.RequestMappingHandlerMapping : Mapped "{[/error],produces=[text/html]}" onto public org.springframework.web.servlet.ModelAndView org.springframework.boot.autoconfigure.web.BasicErrorController.errorHtml(javax.servlet.http.HttpServletRequest,javax.servlet.http.HttpServletResponse)
2017-07-21 11:01:56.918  INFO 2624 --- [main] o.s.w.s.handler.SimpleUrlHandlerMapping  : Mapped URL path [/webjars/**] onto handler of type [class org.springframework.web.servlet.resource.ResourceHttpRequestHandler]
2017-07-21 11:01:56.918  INFO 2624 --- [main] o.s.w.s.handler.SimpleUrlHandlerMapping  : Mapped URL path [/**] onto handler of type [class org.springframework.web.servlet.resource.ResourceHttpRequestHandler]
2017-07-21 11:01:56.945  INFO 2624 --- [main] o.s.w.s.handler.SimpleUrlHandlerMapping  : Mapped URL path [/**/favicon.ico] onto handler of type [class org.springframework.web.servlet.resource.ResourceHttpRequestHandler]
2017-07-21 11:01:56.962  INFO 2624 --- [main] oConfiguration$WelcomePageHandlerMapping : Adding welcome page: class path resource [static/index.html]
2017-07-21 11:01:57.061  INFO 2624 --- [main] o.s.j.e.a.AnnotationMBeanExporter        : Registering beans for JMX exposure on startup
2017-07-21 11:01:57.114  INFO 2624 --- [main] s.b.c.e.t.TomcatEmbeddedServletContainer : Tomcat started on port(s): 8080 (http)
2017-07-21 11:01:57.118  INFO 2624 --- [main] com.adminaccess.AdminApplication         : Started AdminApplication in 2.424 seconds (JVM running for 2.771)
2017-07-21 11:02:05.125  INFO 2624 --- [http-nio-8080-exec-2] o.a.c.c.C.[Tomcat].[localhost].[/]       : Initializing Spring FrameworkServlet 'dispatcherServlet'
2017-07-21 11:02:05.125  INFO 2624 --- [http-nio-8080-exec-2] o.s.web.servlet.DispatcherServlet        : FrameworkServlet 'dispatcherServlet': initialization started
2017-07-21 11:02:05.138  INFO 2624 --- [http-nio-8080-exec-2] o.s.web.servlet.DispatcherServlet        : FrameworkServlet 'dispatcherServlet': initialization completed in 13 ms
2017-07-21 16:51:32.834  INFO 7428 --- [main] com.adminaccess.AdminApplication         : Starting AdminApplication on WGTJZ9MF7EZ759H with PID 7428 (E:\meizi\Admin\target\classes started by Administrator in E:\meizi\Admin)
2017-07-21 16:51:32.838  INFO 7428 --- [main] com.adminaccess.AdminApplication         : No active profile set, falling back to default profiles: default
2017-07-21 16:51:32.895  INFO 7428 --- [main] ationConfigEmbeddedWebApplicationContext : Refreshing org.springframework.boot.context.embedded.AnnotationConfigEmbeddedWebApplicationContext@1445d7f: startup date [Fri Jul 21 16:51:32 CST 2017]; root of context hierarchy
2017-07-21 16:51:34.630  INFO 7428 --- [main] s.b.c.e.t.TomcatEmbeddedServletContainer : Tomcat initialized with port(s): 8080 (http)
2017-07-21 16:51:34.654  INFO 7428 --- [main] o.apache.catalina.core.StandardService   : Starting service [Tomcat]
2017-07-21 16:51:34.656  INFO 7428 --- [main] org.apache.catalina.core.StandardEngine  : Starting Servlet Engine: Apache Tomcat/8.5.15
2017-07-21 16:51:34.809  INFO 7428 --- [localhost-startStop-1] o.a.c.c.C.[Tomcat].[localhost].[/]       : Initializing Spring embedded WebApplicationContext
2017-07-21 16:51:34.809  INFO 7428 --- [localhost-startStop-1] o.s.web.context.ContextLoader            : Root WebApplicationContext: initialization completed in 1916 ms
2017-07-21 16:51:34.931  INFO 7428 --- [localhost-startStop-1] o.s.b.w.servlet.ServletRegistrationBean  : Mapping servlet: 'dispatcherServlet' to [/]
2017-07-21 16:51:34.934  INFO 7428 --- [localhost-startStop-1] o.s.b.w.servlet.FilterRegistrationBean   : Mapping filter: 'characterEncodingFilter' to: [/*]
2017-07-21 16:51:34.934  INFO 7428 --- [localhost-startStop-1] o.s.b.w.servlet.FilterRegistrationBean   : Mapping filter: 'hiddenHttpMethodFilter' to: [/*]
2017-07-21 16:51:34.935  INFO 7428 --- [localhost-startStop-1] o.s.b.w.servlet.FilterRegistrationBean   : Mapping filter: 'httpPutFormContentFilter' to: [/*]
2017-07-21 16:51:34.935  INFO 7428 --- [localhost-startStop-1] o.s.b.w.servlet.FilterRegistrationBean   : Mapping filter: 'requestContextFilter' to: [/*]
2017-07-21 16:51:35.189  INFO 7428 --- [main] s.w.s.m.m.a.RequestMappingHandlerAdapter : Looking for @ControllerAdvice: org.springframework.boot.context.embedded.AnnotationConfigEmbeddedWebApplicationContext@1445d7f: startup date [Fri Jul 21 16:51:32 CST 2017]; root of context hierarchy
2017-07-21 16:51:35.240  INFO 7428 --- [main] s.w.s.m.m.a.RequestMappingHandlerMapping : Mapped "{[/login]}" onto public java.util.Map<java.lang.String, java.lang.Object> com.adminaccess.AdminApplication.meizilogin(org.apache.catalina.servlet4preview.http.HttpServletRequest)
2017-07-21 16:51:35.243  INFO 7428 --- [main] s.w.s.m.m.a.RequestMappingHandlerMapping : Mapped "{[/error]}" onto public org.springframework.http.ResponseEntity<java.util.Map<java.lang.String, java.lang.Object>> org.springframework.boot.autoconfigure.web.BasicErrorController.error(javax.servlet.http.HttpServletRequest)
2017-07-21 16:51:35.244  INFO 7428 --- [main] s.w.s.m.m.a.RequestMappingHandlerMapping : Mapped "{[/error],produces=[text/html]}" onto public org.springframework.web.servlet.ModelAndView org.springframework.boot.autoconfigure.web.BasicErrorController.errorHtml(javax.servlet.http.HttpServletRequest,javax.servlet.http.HttpServletResponse)
2017-07-21 16:51:35.273  INFO 7428 --- [main] o.s.w.s.handler.SimpleUrlHandlerMapping  : Mapped URL path [/webjars/**] onto handler of type [class org.springframework.web.servlet.resource.ResourceHttpRequestHandler]
2017-07-21 16:51:35.273  INFO 7428 --- [main] o.s.w.s.handler.SimpleUrlHandlerMapping  : Mapped URL path [/**] onto handler of type [class org.springframework.web.servlet.resource.ResourceHttpRequestHandler]
2017-07-21 16:51:35.301  INFO 7428 --- [main] o.s.w.s.handler.SimpleUrlHandlerMapping  : Mapped URL path [/**/favicon.ico] onto handler of type [class org.springframework.web.servlet.resource.ResourceHttpRequestHandler]
2017-07-21 16:51:35.319  INFO 7428 --- [main] oConfiguration$WelcomePageHandlerMapping : Adding welcome page: class path resource [static/index.html]
2017-07-21 16:51:35.414  INFO 7428 --- [main] o.s.j.e.a.AnnotationMBeanExporter        : Registering beans for JMX exposure on startup
2017-07-21 16:51:35.477  INFO 7428 --- [main] s.b.c.e.t.TomcatEmbeddedServletContainer : Tomcat started on port(s): 8080 (http)
2017-07-21 16:51:35.481  INFO 7428 --- [main] com.adminaccess.AdminApplication         : Started AdminApplication in 2.929 seconds (JVM running for 3.253)
2017-07-21 16:58:34.303  INFO 6468 --- [main] com.adminaccess.AdminApplication         : Starting AdminApplication on WGTJZ9MF7EZ759H with PID 6468 (E:\meizi\Admin\target\classes started by Administrator in E:\meizi\Admin)
2017-07-21 16:58:34.306  INFO 6468 --- [main] com.adminaccess.AdminApplication         : The following profiles are active: cui
2017-07-21 16:58:34.390  INFO 6468 --- [main] ationConfigEmbeddedWebApplicationContext : Refreshing org.springframework.boot.context.embedded.AnnotationConfigEmbeddedWebApplicationContext@709ba3fb: startup date [Fri Jul 21 16:58:34 CST 2017]; root of context hierarchy
2017-07-21 16:58:35.914  INFO 6468 --- [main] s.b.c.e.t.TomcatEmbeddedServletContainer : Tomcat initialized with port(s): 8080 (http)
2017-07-21 16:58:35.924  INFO 6468 --- [main] o.apache.catalina.core.StandardService   : Starting service [Tomcat]
2017-07-21 16:58:35.925  INFO 6468 --- [main] org.apache.catalina.core.StandardEngine  : Starting Servlet Engine: Apache Tomcat/8.5.15
2017-07-21 16:58:36.008  INFO 6468 --- [localhost-startStop-1] o.a.c.c.C.[Tomcat].[localhost].[/]       : Initializing Spring embedded WebApplicationContext
2017-07-21 16:58:36.008  INFO 6468 --- [localhost-startStop-1] o.s.web.context.ContextLoader            : Root WebApplicationContext: initialization completed in 1621 ms
2017-07-21 16:58:36.115  INFO 6468 --- [localhost-startStop-1] o.s.b.w.servlet.ServletRegistrationBean  : Mapping servlet: 'dispatcherServlet' to [/]
2017-07-21 16:58:36.121  INFO 6468 --- [localhost-startStop-1] o.s.b.w.servlet.FilterRegistrationBean   : Mapping filter: 'characterEncodingFilter' to: [/*]
2017-07-21 16:58:36.122  INFO 6468 --- [localhost-startStop-1] o.s.b.w.servlet.FilterRegistrationBean   : Mapping filter: 'hiddenHttpMethodFilter' to: [/*]
2017-07-21 16:58:36.122  INFO 6468 --- [localhost-startStop-1] o.s.b.w.servlet.FilterRegistrationBean   : Mapping filter: 'httpPutFormContentFilter' to: [/*]
2017-07-21 16:58:36.122  INFO 6468 --- [localhost-startStop-1] o.s.b.w.servlet.FilterRegistrationBean   : Mapping filter: 'requestContextFilter' to: [/*]
2017-07-21 16:58:36.156  WARN 6468 --- [main] ationConfigEmbeddedWebApplicationContext : Exception encountered during context initialization - cancelling refresh attempt: org.springframework.beans.factory.UnsatisfiedDependencyException: Error creating bean with name 'adminApplication': Unsatisfied dependency expressed through field 'managerRepository'; nested exception is org.springframework.beans.factory.NoSuchBeanDefinitionException: No qualifying bean of type 'com.adminaccess.repository.ManagerRepository' available: expected at least 1 bean which qualifies as autowire candidate. Dependency annotations: {@org.springframework.beans.factory.annotation.Autowired(required=true)}
2017-07-21 16:58:36.157  INFO 6468 --- [main] o.apache.catalina.core.StandardService   : Stopping service [Tomcat]
2017-07-21 16:58:36.179  INFO 6468 --- [main] utoConfigurationReportLoggingInitializer : 

Error starting ApplicationContext. To display the auto-configuration report re-run your application with 'debug' enabled.
2017-07-21 16:58:36.261 ERROR 6468 --- [main] o.s.b.d.LoggingFailureAnalysisReporter   : 

***************************
APPLICATION FAILED TO START
***************************

Description:

Field managerRepository in com.adminaccess.AdminApplication required a bean of type 'com.adminaccess.repository.ManagerRepository' that could not be found.


Action:

Consider defining a bean of type 'com.adminaccess.repository.ManagerRepository' in your configuration.

